2021-09-25 10:45:35.359 | INFO     | httprunner.runner:test_start:450 - Start to run testcase: request methods testcase with functions, TestCase ID: 8add1d01-5c85-4caf-90eb-5076ae163789
2021-09-25 10:45:35.359 | INFO     | httprunner.runner:__run_step:292 - run step begin: test single match >>>>>>
2021-09-25 10:45:35.364 | WARNING  | httprunner.client:request:188 - failed to get client address info: 'NoneType' object has no attribute 'getsockname'
2021-09-25 10:45:35.364 | WARNING  | httprunner.client:request:196 - failed to get server address info: 'NoneType' object has no attribute 'getpeername'
2021-09-25 10:45:35.365 | DEBUG    | httprunner.client:log_print:40 - 
================== request details ==================
method   : GET
url      : http://127.0.0.1:5000/queryresult?name=%E6%9D%8E%E5%9B%9B
headers  : {
    "User-Agent": "python-requests/2.26.0",
    "Accept-Encoding": "gzip, deflate, br",
    "Accept": "*/*",
    "Connection": "keep-alive",
    "HRUN-Request-ID": "HRUN-8add1d01-5c85-4caf-90eb-5076ae163789-935360"
}
cookies  : {}
body     : None

2021-09-25 10:45:35.365 | DEBUG    | httprunner.client:log_print:40 - 
================== response details ==================
status_code : 200
headers  : {
    "Content-Type": "text/html; charset=utf-8",
    "Content-Length": "92",
    "Server": "Werkzeug/2.0.1 Python/3.9.7",
    "Date": "Sat, 25 Sep 2021 02:45:35 GMT"
}
cookies  : {}
encoding : utf-8
content_type : text/html; charset=utf-8
body     : {
    "return_code": 200,
    "return_info": "success!",
    "result": [
        {
            "name": "李四",
            "age": "17"
        }
    ]
}

2021-09-25 10:45:35.366 | INFO     | httprunner.client:request:217 - status_code: 200, response_time(ms): 4.47 ms, response_length: 0 bytes
2021-09-25 10:45:35.366 | INFO     | httprunner.response:validate:249 - assert status_code equal 200(int)	==> pass
2021-09-25 10:45:35.366 | INFO     | httprunner.response:validate:249 - assert body.return_info equal success!(str)	==> pass
2021-09-25 10:45:35.366 | INFO     | httprunner.runner:__run_step:304 - run step end: test single match <<<<<<

2021-09-25 10:45:35.366 | INFO     | httprunner.runner:__run_step:292 - run step begin: test two match >>>>>>
2021-09-25 10:45:35.369 | WARNING  | httprunner.client:request:188 - failed to get client address info: 'NoneType' object has no attribute 'getsockname'
2021-09-25 10:45:35.370 | WARNING  | httprunner.client:request:196 - failed to get server address info: 'NoneType' object has no attribute 'getpeername'
2021-09-25 10:45:35.370 | DEBUG    | httprunner.client:log_print:40 - 
================== request details ==================
method   : GET
url      : http://127.0.0.1:5000/queryresult?name=%E5%BC%A0
headers  : {
    "User-Agent": "python-requests/2.26.0",
    "Accept-Encoding": "gzip, deflate, br",
    "Accept": "*/*",
    "Connection": "keep-alive",
    "HRUN-Request-ID": "HRUN-8add1d01-5c85-4caf-90eb-5076ae163789-935367"
}
cookies  : {}
body     : None

2021-09-25 10:45:35.370 | DEBUG    | httprunner.client:log_print:40 - 
================== response details ==================
status_code : 200
headers  : {
    "Content-Type": "text/html; charset=utf-8",
    "Content-Length": "128",
    "Server": "Werkzeug/2.0.1 Python/3.9.7",
    "Date": "Sat, 25 Sep 2021 02:45:35 GMT"
}
cookies  : {}
encoding : utf-8
content_type : text/html; charset=utf-8
body     : {
    "return_code": 200,
    "return_info": "success!",
    "result": [
        {
            "name": "张三",
            "age": "18"
        },
        {
            "name": "张无忌",
            "age": "22"
        }
    ]
}

2021-09-25 10:45:35.371 | INFO     | httprunner.client:request:217 - status_code: 200, response_time(ms): 2.79 ms, response_length: 0 bytes
2021-09-25 10:45:35.371 | INFO     | httprunner.response:validate:249 - assert status_code equal 200(int)	==> pass
2021-09-25 10:45:35.371 | INFO     | httprunner.response:validate:249 - assert body.return_info equal success!(str)	==> pass
2021-09-25 10:45:35.371 | INFO     | httprunner.response:validate:249 - assert body.result[0].name equal 张三(str)	==> pass
2021-09-25 10:45:35.371 | INFO     | httprunner.response:validate:249 - assert body.result[1].name equal 张无忌(str)	==> pass
2021-09-25 10:45:35.371 | INFO     | httprunner.runner:__run_step:304 - run step end: test two match <<<<<<

2021-09-25 10:45:35.372 | INFO     | httprunner.runner:__run_step:292 - run step begin: test not supporting request method >>>>>>
2021-09-25 10:45:35.375 | WARNING  | httprunner.client:request:188 - failed to get client address info: 'NoneType' object has no attribute 'getsockname'
2021-09-25 10:45:35.375 | WARNING  | httprunner.client:request:196 - failed to get server address info: 'NoneType' object has no attribute 'getpeername'
2021-09-25 10:45:35.375 | DEBUG    | httprunner.client:log_print:40 - 
================== request details ==================
method   : POST
url      : http://127.0.0.1:5000/queryresult?name=%E5%BC%A0
headers  : {
    "User-Agent": "python-requests/2.26.0",
    "Accept-Encoding": "gzip, deflate, br",
    "Accept": "*/*",
    "Connection": "keep-alive",
    "HRUN-Request-ID": "HRUN-8add1d01-5c85-4caf-90eb-5076ae163789-935372",
    "Content-Length": "0"
}
cookies  : {}
body     : None

2021-09-25 10:45:35.376 | DEBUG    | httprunner.client:log_print:40 - 
================== response details ==================
status_code : 200
headers  : {
    "Content-Type": "application/json",
    "Content-Length": "71",
    "Server": "Werkzeug/2.0.1 Python/3.9.7",
    "Date": "Sat, 25 Sep 2021 02:45:35 GMT"
}
cookies  : {}
encoding : utf-8
content_type : application/json
body     : {
    "result": false,
    "return_code": 404,
    "return_info": "Bad request method!"
}

2021-09-25 10:45:35.376 | INFO     | httprunner.client:request:217 - status_code: 200, response_time(ms): 2.87 ms, response_length: 0 bytes
2021-09-25 10:45:35.376 | INFO     | httprunner.response:validate:249 - assert body.return_info equal Bad request method!(str)	==> pass
2021-09-25 10:45:35.376 | ERROR    | httprunner.response:validate:266 - assert body.result equal false(str)	==> fail
check_item: body.result
check_value: False(bool)
assert_method: equal
expect_value: false(str)
2021-09-25 10:45:35.376 | ERROR    | httprunner.response:validate:266 - assert body.return_code equal 404(str)	==> fail
check_item: body.return_code
check_value: 404(int)
assert_method: equal
expect_value: 404(str)
2021-09-25 10:45:35.376 | ERROR    | httprunner.runner:log_req_resp_details:194 - 
******************************** DETAILED REQUEST & RESPONSE ********************************
====== request details ======
url: http://127.0.0.1:5000/queryresult
method: POST
headers: {'HRUN-Request-ID': 'HRUN-8add1d01-5c85-4caf-90eb-5076ae163789-935372'}
params: {'name': '张'}
data: None
cookies: {}
timeout: 120
allow_redirects: True
verify: False
json: None

====== response details ======
status_code: 200
headers: {'Content-Type': 'application/json', 'Content-Length': '71', 'Server': 'Werkzeug/2.0.1 Python/3.9.7', 'Date': 'Sat, 25 Sep 2021 02:45:35 GMT'}
body: '{"result":false,"return_code":404,"return_info":"Bad request method!"}\n'

