2021-09-25 10:48:05.045 | INFO     | httprunner.runner:test_start:450 - Start to run testcase: request methods testcase with functions, TestCase ID: f72f41fd-15b0-4db3-ad4b-87bc8df2fb9b
2021-09-25 10:48:05.046 | INFO     | httprunner.runner:__run_step:292 - run step begin: test single match >>>>>>
2021-09-25 10:48:05.051 | WARNING  | httprunner.client:request:188 - failed to get client address info: 'NoneType' object has no attribute 'getsockname'
2021-09-25 10:48:05.051 | WARNING  | httprunner.client:request:196 - failed to get server address info: 'NoneType' object has no attribute 'getpeername'
2021-09-25 10:48:05.051 | DEBUG    | httprunner.client:log_print:40 - 
================== request details ==================
method   : GET
url      : http://127.0.0.1:5000/queryresult?name=%E6%9D%8E%E5%9B%9B
headers  : {
    "User-Agent": "python-requests/2.26.0",
    "Accept-Encoding": "gzip, deflate, br",
    "Accept": "*/*",
    "Connection": "keep-alive",
    "HRUN-Request-ID": "HRUN-f72f41fd-15b0-4db3-ad4b-87bc8df2fb9b-085046"
}
cookies  : {}
body     : None

2021-09-25 10:48:05.052 | DEBUG    | httprunner.client:log_print:40 - 
================== response details ==================
status_code : 200
headers  : {
    "Content-Type": "text/html; charset=utf-8",
    "Content-Length": "92",
    "Server": "Werkzeug/2.0.1 Python/3.9.7",
    "Date": "Sat, 25 Sep 2021 02:48:05 GMT"
}
cookies  : {}
encoding : utf-8
content_type : text/html; charset=utf-8
body     : {
    "return_code": 200,
    "return_info": "success!",
    "result": [
        {
            "name": "李四",
            "age": "17"
        }
    ]
}

2021-09-25 10:48:05.052 | INFO     | httprunner.client:request:217 - status_code: 200, response_time(ms): 4.31 ms, response_length: 0 bytes
2021-09-25 10:48:05.052 | INFO     | httprunner.response:validate:249 - assert status_code equal 200(int)	==> pass
2021-09-25 10:48:05.052 | INFO     | httprunner.response:validate:249 - assert body.return_info equal success!(str)	==> pass
2021-09-25 10:48:05.052 | INFO     | httprunner.runner:__run_step:304 - run step end: test single match <<<<<<

2021-09-25 10:48:05.053 | INFO     | httprunner.runner:__run_step:292 - run step begin: test two match >>>>>>
2021-09-25 10:48:05.056 | WARNING  | httprunner.client:request:188 - failed to get client address info: 'NoneType' object has no attribute 'getsockname'
2021-09-25 10:48:05.056 | WARNING  | httprunner.client:request:196 - failed to get server address info: 'NoneType' object has no attribute 'getpeername'
2021-09-25 10:48:05.056 | DEBUG    | httprunner.client:log_print:40 - 
================== request details ==================
method   : GET
url      : http://127.0.0.1:5000/queryresult?name=%E5%BC%A0
headers  : {
    "User-Agent": "python-requests/2.26.0",
    "Accept-Encoding": "gzip, deflate, br",
    "Accept": "*/*",
    "Connection": "keep-alive",
    "HRUN-Request-ID": "HRUN-f72f41fd-15b0-4db3-ad4b-87bc8df2fb9b-085053"
}
cookies  : {}
body     : None

2021-09-25 10:48:05.057 | DEBUG    | httprunner.client:log_print:40 - 
================== response details ==================
status_code : 200
headers  : {
    "Content-Type": "text/html; charset=utf-8",
    "Content-Length": "128",
    "Server": "Werkzeug/2.0.1 Python/3.9.7",
    "Date": "Sat, 25 Sep 2021 02:48:05 GMT"
}
cookies  : {}
encoding : utf-8
content_type : text/html; charset=utf-8
body     : {
    "return_code": 200,
    "return_info": "success!",
    "result": [
        {
            "name": "张三",
            "age": "18"
        },
        {
            "name": "张无忌",
            "age": "22"
        }
    ]
}

2021-09-25 10:48:05.057 | INFO     | httprunner.client:request:217 - status_code: 200, response_time(ms): 2.96 ms, response_length: 0 bytes
2021-09-25 10:48:05.057 | INFO     | httprunner.response:validate:249 - assert status_code equal 200(int)	==> pass
2021-09-25 10:48:05.057 | INFO     | httprunner.response:validate:249 - assert body.return_info equal success!(str)	==> pass
2021-09-25 10:48:05.057 | INFO     | httprunner.response:validate:249 - assert body.result[0].name equal 张三(str)	==> pass
2021-09-25 10:48:05.058 | INFO     | httprunner.response:validate:249 - assert body.result[1].name equal 张无忌(str)	==> pass
2021-09-25 10:48:05.058 | INFO     | httprunner.runner:__run_step:304 - run step end: test two match <<<<<<

2021-09-25 10:48:05.058 | INFO     | httprunner.runner:__run_step:292 - run step begin: test not supporting request method >>>>>>
2021-09-25 10:48:05.061 | WARNING  | httprunner.client:request:188 - failed to get client address info: 'NoneType' object has no attribute 'getsockname'
2021-09-25 10:48:05.061 | WARNING  | httprunner.client:request:196 - failed to get server address info: 'NoneType' object has no attribute 'getpeername'
2021-09-25 10:48:05.061 | DEBUG    | httprunner.client:log_print:40 - 
================== request details ==================
method   : POST
url      : http://127.0.0.1:5000/queryresult?name=%E5%BC%A0
headers  : {
    "User-Agent": "python-requests/2.26.0",
    "Accept-Encoding": "gzip, deflate, br",
    "Accept": "*/*",
    "Connection": "keep-alive",
    "HRUN-Request-ID": "HRUN-f72f41fd-15b0-4db3-ad4b-87bc8df2fb9b-085058",
    "Content-Length": "0"
}
cookies  : {}
body     : None

2021-09-25 10:48:05.062 | DEBUG    | httprunner.client:log_print:40 - 
================== response details ==================
status_code : 200
headers  : {
    "Content-Type": "application/json",
    "Content-Length": "71",
    "Server": "Werkzeug/2.0.1 Python/3.9.7",
    "Date": "Sat, 25 Sep 2021 02:48:05 GMT"
}
cookies  : {}
encoding : utf-8
content_type : application/json
body     : {
    "result": false,
    "return_code": 404,
    "return_info": "Bad request method!"
}

2021-09-25 10:48:05.062 | INFO     | httprunner.client:request:217 - status_code: 200, response_time(ms): 2.63 ms, response_length: 0 bytes
2021-09-25 10:48:05.062 | INFO     | httprunner.response:validate:249 - assert body.return_info equal Bad request method!(str)	==> pass
2021-09-25 10:48:05.062 | INFO     | httprunner.response:validate:249 - assert body.result equal False(bool)	==> pass
2021-09-25 10:48:05.062 | INFO     | httprunner.response:validate:249 - assert body.return_code equal 404(int)	==> pass
2021-09-25 10:48:05.062 | INFO     | httprunner.runner:__run_step:304 - run step end: test not supporting request method <<<<<<

2021-09-25 10:48:05.063 | INFO     | httprunner.runner:__run_step:292 - run step begin: test param is null >>>>>>
2021-09-25 10:48:05.066 | WARNING  | httprunner.client:request:188 - failed to get client address info: 'NoneType' object has no attribute 'getsockname'
2021-09-25 10:48:05.066 | WARNING  | httprunner.client:request:196 - failed to get server address info: 'NoneType' object has no attribute 'getpeername'
2021-09-25 10:48:05.066 | DEBUG    | httprunner.client:log_print:40 - 
================== request details ==================
method   : GET
url      : http://127.0.0.1:5000/queryresult
headers  : {
    "User-Agent": "python-requests/2.26.0",
    "Accept-Encoding": "gzip, deflate, br",
    "Accept": "*/*",
    "Connection": "keep-alive",
    "HRUN-Request-ID": "HRUN-f72f41fd-15b0-4db3-ad4b-87bc8df2fb9b-085063"
}
cookies  : {}
body     : None

2021-09-25 10:48:05.066 | DEBUG    | httprunner.client:log_print:40 - 
================== response details ==================
status_code : 200
headers  : {
    "Content-Type": "application/json",
    "Content-Length": "89",
    "Server": "Werkzeug/2.0.1 Python/3.9.7",
    "Date": "Sat, 25 Sep 2021 02:48:05 GMT"
}
cookies  : {}
encoding : utf-8
content_type : application/json
body     : {
    "result": false,
    "return_code": 200,
    "return_info": "Please input word wanted to be query!"
}

2021-09-25 10:48:05.066 | INFO     | httprunner.client:request:217 - status_code: 200, response_time(ms): 2.63 ms, response_length: 0 bytes
2021-09-25 10:48:05.067 | INFO     | httprunner.response:validate:249 - assert body.return_info equal Please input word wanted to be query!(str)	==> pass
2021-09-25 10:48:05.067 | INFO     | httprunner.response:validate:249 - assert body.result equal False(bool)	==> pass
2021-09-25 10:48:05.067 | INFO     | httprunner.response:validate:249 - assert body.return_code equal 200(int)	==> pass
2021-09-25 10:48:05.067 | INFO     | httprunner.runner:__run_step:304 - run step end: test param is null <<<<<<

2021-09-25 10:48:05.067 | INFO     | httprunner.runner:__run_step:292 - run step begin: test english param >>>>>>
2021-09-25 10:48:05.070 | WARNING  | httprunner.client:request:188 - failed to get client address info: 'NoneType' object has no attribute 'getsockname'
2021-09-25 10:48:05.070 | WARNING  | httprunner.client:request:196 - failed to get server address info: 'NoneType' object has no attribute 'getpeername'
2021-09-25 10:48:05.071 | DEBUG    | httprunner.client:log_print:40 - 
================== request details ==================
method   : GET
url      : http://127.0.0.1:5000/queryresult?name=wangwu
headers  : {
    "User-Agent": "python-requests/2.26.0",
    "Accept-Encoding": "gzip, deflate, br",
    "Accept": "*/*",
    "Connection": "keep-alive",
    "HRUN-Request-ID": "HRUN-f72f41fd-15b0-4db3-ad4b-87bc8df2fb9b-085067"
}
cookies  : {}
body     : None

2021-09-25 10:48:05.071 | DEBUG    | httprunner.client:log_print:40 - 
================== response details ==================
status_code : 200
headers  : {
    "Content-Type": "text/html; charset=utf-8",
    "Content-Length": "92",
    "Server": "Werkzeug/2.0.1 Python/3.9.7",
    "Date": "Sat, 25 Sep 2021 02:48:05 GMT"
}
cookies  : {}
encoding : utf-8
content_type : text/html; charset=utf-8
body     : {
    "return_code": 200,
    "return_info": "success!",
    "result": [
        {
            "name": "wangwu",
            "age": "18"
        }
    ]
}

2021-09-25 10:48:05.071 | INFO     | httprunner.client:request:217 - status_code: 200, response_time(ms): 2.65 ms, response_length: 0 bytes
2021-09-25 10:48:05.071 | INFO     | httprunner.response:validate:249 - assert status_code equal 200(int)	==> pass
2021-09-25 10:48:05.071 | INFO     | httprunner.response:validate:249 - assert body.return_info equal success!(str)	==> pass
2021-09-25 10:48:05.072 | INFO     | httprunner.response:validate:249 - assert body.result[0].name equal wangwu(str)	==> pass
2021-09-25 10:48:05.072 | INFO     | httprunner.runner:__run_step:304 - run step end: test english param <<<<<<

